2013-11-02 22:27:07,824 [localhost-startStop-1] ERROR StackTrace  - Full Stack Trace:
org.springframework.beans.factory.BeanCreationException: Error creating bean with name 'transactionManagerPostProcessor': Initialization of bean failed; nested exception is org.springframework.beans.factory.BeanCreationException: Error creating bean with name 'transactionManager': Cannot resolve reference to bean 'sessionFactory' while setting bean property 'sessionFactory'; nested exception is org.springframework.beans.factory.BeanCreationException: Error creating bean with name 'sessionFactory': Invocation of init method failed; nested exception is org.hibernate.InstantiationException: could not instantiate test objectflaming.adventure.Area
	at org.springframework.beans.factory.support.AbstractAutowireCapableBeanFactory.doCreateBean(AbstractAutowireCapableBeanFactory.java:529)
	at org.codehaus.groovy.grails.commons.spring.ReloadAwareAutowireCapableBeanFactory.doCreateBean(ReloadAwareAutowireCapableBeanFactory.java:127)
	at org.springframework.beans.factory.support.AbstractAutowireCapableBeanFactory.createBean(AbstractAutowireCapableBeanFactory.java:458)
	at org.springframework.beans.factory.support.AbstractBeanFactory$1.getObject(AbstractBeanFactory.java:295)
	at org.springframework.beans.factory.support.DefaultSingletonBeanRegistry.getSingleton(DefaultSingletonBeanRegistry.java:223)
	at org.springframework.beans.factory.support.AbstractBeanFactory.doGetBean(AbstractBeanFactory.java:292)
	at org.springframework.beans.factory.support.AbstractBeanFactory.getBean(AbstractBeanFactory.java:198)
	at org.springframework.context.support.AbstractApplicationContext.registerBeanPostProcessors(AbstractApplicationContext.java:720)
	at org.springframework.context.support.AbstractApplicationContext.refresh(AbstractApplicationContext.java:464)
	at org.codehaus.groovy.grails.commons.spring.DefaultRuntimeSpringConfiguration.getApplicationContext(DefaultRuntimeSpringConfiguration.java:153)
	at org.codehaus.groovy.grails.commons.spring.GrailsRuntimeConfigurator.configure(GrailsRuntimeConfigurator.java:169)
	at org.codehaus.groovy.grails.commons.spring.GrailsRuntimeConfigurator.configure(GrailsRuntimeConfigurator.java:127)
	at org.codehaus.groovy.grails.web.context.GrailsConfigUtils.configureWebApplicationContext(GrailsConfigUtils.java:122)
	at org.codehaus.groovy.grails.web.context.GrailsContextLoader.initWebApplicationContext(GrailsContextLoader.java:108)
	at org.springframework.web.context.ContextLoaderListener.contextInitialized(ContextLoaderListener.java:112)
	at org.apache.catalina.core.StandardContext.listenerStart(StandardContext.java:4939)
	at org.apache.catalina.core.StandardContext.startInternal(StandardContext.java:5434)
	at org.apache.catalina.util.LifecycleBase.start(LifecycleBase.java:150)
	at org.apache.catalina.core.ContainerBase$StartChild.call(ContainerBase.java:1559)
	at org.apache.catalina.core.ContainerBase$StartChild.call(ContainerBase.java:1549)
	at java.util.concurrent.FutureTask.run(FutureTask.java:262)
	at java.util.concurrent.ThreadPoolExecutor.runWorker(ThreadPoolExecutor.java:1145)
	at java.util.concurrent.ThreadPoolExecutor$Worker.run(ThreadPoolExecutor.java:615)
	at java.lang.Thread.run(Thread.java:744)
Caused by: org.springframework.beans.factory.BeanCreationException: Error creating bean with name 'transactionManager': Cannot resolve reference to bean 'sessionFactory' while setting bean property 'sessionFactory'; nested exception is org.springframework.beans.factory.BeanCreationException: Error creating bean with name 'sessionFactory': Invocation of init method failed; nested exception is org.hibernate.InstantiationException: could not instantiate test objectflaming.adventure.Area
	at org.springframework.beans.factory.support.BeanDefinitionValueResolver.resolveReference(BeanDefinitionValueResolver.java:329)
	at org.springframework.beans.factory.support.BeanDefinitionValueResolver.resolveValueIfNecessary(BeanDefinitionValueResolver.java:107)
	at org.springframework.beans.factory.support.AbstractAutowireCapableBeanFactory.applyPropertyValues(AbstractAutowireCapableBeanFactory.java:1387)
	at org.springframework.beans.factory.support.AbstractAutowireCapableBeanFactory.populateBean(AbstractAutowireCapableBeanFactory.java:1128)
	at org.springframework.beans.factory.support.AbstractAutowireCapableBeanFactory.doCreateBean(AbstractAutowireCapableBeanFactory.java:519)
	at org.codehaus.groovy.grails.commons.spring.ReloadAwareAutowireCapableBeanFactory.doCreateBean(ReloadAwareAutowireCapableBeanFactory.java:127)
	at org.springframework.beans.factory.support.AbstractAutowireCapableBeanFactory.createBean(AbstractAutowireCapableBeanFactory.java:458)
	at org.springframework.beans.factory.support.AbstractBeanFactory$1.getObject(AbstractBeanFactory.java:295)
	at org.springframework.beans.factory.support.DefaultSingletonBeanRegistry.getSingleton(DefaultSingletonBeanRegistry.java:223)
	at org.springframework.beans.factory.support.AbstractBeanFactory.doGetBean(AbstractBeanFactory.java:292)
	at org.springframework.beans.factory.support.AbstractBeanFactory.getBean(AbstractBeanFactory.java:198)
	at org.codehaus.groovy.grails.orm.support.TransactionManagerPostProcessor.initialize(TransactionManagerPostProcessor.java:74)
	at org.codehaus.groovy.grails.orm.support.TransactionManagerPostProcessor.setBeanFactory(TransactionManagerPostProcessor.java:52)
	at org.springframework.beans.factory.support.AbstractAutowireCapableBeanFactory.invokeAwareMethods(AbstractAutowireCapableBeanFactory.java:1502)
	at org.springframework.beans.factory.support.AbstractAutowireCapableBeanFactory.initializeBean(AbstractAutowireCapableBeanFactory.java:1470)
	at org.springframework.beans.factory.support.AbstractAutowireCapableBeanFactory.doCreateBean(AbstractAutowireCapableBeanFactory.java:521)
	... 23 more
Caused by: org.springframework.beans.factory.BeanCreationException: Error creating bean with name 'sessionFactory': Invocation of init method failed; nested exception is org.hibernate.InstantiationException: could not instantiate test objectflaming.adventure.Area
	at org.springframework.beans.factory.support.AbstractAutowireCapableBeanFactory.initializeBean(AbstractAutowireCapableBeanFactory.java:1482)
	at org.springframework.beans.factory.support.AbstractAutowireCapableBeanFactory.doCreateBean(AbstractAutowireCapableBeanFactory.java:521)
	at org.codehaus.groovy.grails.commons.spring.ReloadAwareAutowireCapableBeanFactory.doCreateBean(ReloadAwareAutowireCapableBeanFactory.java:127)
	at org.springframework.beans.factory.support.AbstractAutowireCapableBeanFactory.createBean(AbstractAutowireCapableBeanFactory.java:458)
	at org.springframework.beans.factory.support.AbstractBeanFactory$1.getObject(AbstractBeanFactory.java:295)
	at org.springframework.beans.factory.support.DefaultSingletonBeanRegistry.getSingleton(DefaultSingletonBeanRegistry.java:223)
	at org.springframework.beans.factory.support.AbstractBeanFactory.doGetBean(AbstractBeanFactory.java:292)
	at org.springframework.beans.factory.support.AbstractBeanFactory.getBean(AbstractBeanFactory.java:194)
	at org.springframework.beans.factory.support.BeanDefinitionValueResolver.resolveReference(BeanDefinitionValueResolver.java:323)
	... 38 more
Caused by: org.hibernate.InstantiationException: could not instantiate test objectflaming.adventure.Area
	at org.hibernate.engine.UnsavedValueFactory.instantiate(UnsavedValueFactory.java:48)
	at org.hibernate.engine.UnsavedValueFactory.getUnsavedIdentifierValue(UnsavedValueFactory.java:67)
	at org.hibernate.tuple.PropertyFactory.buildIdentifierProperty(PropertyFactory.java:67)
	at org.hibernate.tuple.entity.EntityMetamodel.<init>(EntityMetamodel.java:135)
	at org.hibernate.persister.entity.AbstractEntityPersister.<init>(AbstractEntityPersister.java:485)
	at org.hibernate.persister.entity.SingleTableEntityPersister.<init>(SingleTableEntityPersister.java:133)
	at org.codehaus.groovy.grails.orm.hibernate.persister.entity.GroovyAwareSingleTableEntityPersister.<init>(GroovyAwareSingleTableEntityPersister.java:42)
	at sun.reflect.NativeConstructorAccessorImpl.newInstance0(Native Method)
	at sun.reflect.NativeConstructorAccessorImpl.newInstance(NativeConstructorAccessorImpl.java:57)
	at sun.reflect.DelegatingConstructorAccessorImpl.newInstance(DelegatingConstructorAccessorImpl.java:45)
	at java.lang.reflect.Constructor.newInstance(Constructor.java:526)
	at org.springsource.loaded.ri.ReflectiveInterceptor.jlrConstructorNewInstance(ReflectiveInterceptor.java:986)
	at org.hibernate.persister.PersisterFactory.create(PersisterFactory.java:129)
	at org.hibernate.persister.PersisterFactory.createClassPersister(PersisterFactory.java:93)
	at org.hibernate.impl.SessionFactoryImpl.<init>(SessionFactoryImpl.java:286)
	at org.hibernate.cfg.Configuration.buildSessionFactory(Configuration.java:1872)
	at org.codehaus.groovy.grails.orm.hibernate.cfg.GrailsAnnotationConfiguration.buildSessionFactory(GrailsAnnotationConfiguration.java:135)
	at org.springframework.orm.hibernate3.LocalSessionFactoryBean.newSessionFactory(LocalSessionFactoryBean.java:863)
	at org.codehaus.groovy.grails.orm.hibernate.ConfigurableLocalSessionFactoryBean.newSessionFactory(ConfigurableLocalSessionFactoryBean.java:186)
	at org.springframework.orm.hibernate3.LocalSessionFactoryBean.buildSessionFactory(LocalSessionFactoryBean.java:782)
	at org.springframework.orm.hibernate3.AbstractSessionFactoryBean.afterPropertiesSet(AbstractSessionFactoryBean.java:188)
	at org.codehaus.groovy.grails.orm.hibernate.ConfigurableLocalSessionFactoryBean.afterPropertiesSet(ConfigurableLocalSessionFactoryBean.java:176)
	at org.springframework.beans.factory.support.AbstractAutowireCapableBeanFactory.invokeInitMethods(AbstractAutowireCapableBeanFactory.java:1541)
	at org.springframework.beans.factory.support.AbstractAutowireCapableBeanFactory.initializeBean(AbstractAutowireCapableBeanFactory.java:1479)
	... 46 more
Caused by: java.lang.reflect.InvocationTargetException
	at sun.reflect.NativeConstructorAccessorImpl.newInstance0(Native Method)
	at sun.reflect.NativeConstructorAccessorImpl.newInstance(NativeConstructorAccessorImpl.java:57)
	at sun.reflect.DelegatingConstructorAccessorImpl.newInstance(DelegatingConstructorAccessorImpl.java:45)
	at java.lang.reflect.Constructor.newInstance(Constructor.java:526)
	at org.springsource.loaded.ri.ReflectiveInterceptor.jlrConstructorNewInstance(ReflectiveInterceptor.java:986)
	at org.hibernate.engine.UnsavedValueFactory.instantiate(UnsavedValueFactory.java:45)
	... 69 more
Caused by: groovy.lang.MissingPropertyException: No such property: terrainFile for class: flaming.adventure.Area
	at org.codehaus.groovy.runtime.ScriptBytecodeAdapter.unwrap(ScriptBytecodeAdapter.java:50)
	at org.codehaus.groovy.runtime.callsite.PogoMetaClassGetPropertySite.getProperty(PogoMetaClassGetPropertySite.java:50)
	at org.codehaus.groovy.runtime.callsite.AbstractCallSite.callGroovyObjectGetProperty(AbstractCallSite.java:231)
	at flaming.adventure.Area.<init>(Area.groovy:22)
	... 75 more
2013-11-02 22:27:07,917 [localhost-startStop-1] ERROR StackTrace  - Full Stack Trace:
org.springframework.beans.factory.BeanCreationException: Error creating bean with name 'transactionManager': Cannot resolve reference to bean 'sessionFactory' while setting bean property 'sessionFactory'; nested exception is org.springframework.beans.factory.BeanCreationException: Error creating bean with name 'sessionFactory': Invocation of init method failed; nested exception is org.hibernate.InstantiationException: could not instantiate test objectflaming.adventure.Area
	at org.springframework.beans.factory.support.BeanDefinitionValueResolver.resolveReference(BeanDefinitionValueResolver.java:329)
	at org.springframework.beans.factory.support.BeanDefinitionValueResolver.resolveValueIfNecessary(BeanDefinitionValueResolver.java:107)
	at org.springframework.beans.factory.support.AbstractAutowireCapableBeanFactory.applyPropertyValues(AbstractAutowireCapableBeanFactory.java:1387)
	at org.springframework.beans.factory.support.AbstractAutowireCapableBeanFactory.populateBean(AbstractAutowireCapableBeanFactory.java:1128)
	at org.springframework.beans.factory.support.AbstractAutowireCapableBeanFactory.doCreateBean(AbstractAutowireCapableBeanFactory.java:519)
	at org.codehaus.groovy.grails.commons.spring.ReloadAwareAutowireCapableBeanFactory.doCreateBean(ReloadAwareAutowireCapableBeanFactory.java:127)
	at org.springframework.beans.factory.support.AbstractAutowireCapableBeanFactory.createBean(AbstractAutowireCapableBeanFactory.java:458)
	at org.springframework.beans.factory.support.AbstractBeanFactory$1.getObject(AbstractBeanFactory.java:295)
	at org.springframework.beans.factory.support.DefaultSingletonBeanRegistry.getSingleton(DefaultSingletonBeanRegistry.java:223)
	at org.springframework.beans.factory.support.AbstractBeanFactory.doGetBean(AbstractBeanFactory.java:292)
	at org.springframework.beans.factory.support.AbstractBeanFactory.getBean(AbstractBeanFactory.java:198)
	at org.codehaus.groovy.grails.orm.support.TransactionManagerPostProcessor.initialize(TransactionManagerPostProcessor.java:74)
	at org.codehaus.groovy.grails.orm.support.TransactionManagerPostProcessor.setBeanFactory(TransactionManagerPostProcessor.java:52)
	at org.springframework.beans.factory.support.AbstractAutowireCapableBeanFactory.invokeAwareMethods(AbstractAutowireCapableBeanFactory.java:1502)
	at org.springframework.beans.factory.support.AbstractAutowireCapableBeanFactory.initializeBean(AbstractAutowireCapableBeanFactory.java:1470)
	at org.springframework.beans.factory.support.AbstractAutowireCapableBeanFactory.doCreateBean(AbstractAutowireCapableBeanFactory.java:521)
	at org.codehaus.groovy.grails.commons.spring.ReloadAwareAutowireCapableBeanFactory.doCreateBean(ReloadAwareAutowireCapableBeanFactory.java:127)
	at org.springframework.beans.factory.support.AbstractAutowireCapableBeanFactory.createBean(AbstractAutowireCapableBeanFactory.java:458)
	at org.springframework.beans.factory.support.AbstractBeanFactory$1.getObject(AbstractBeanFactory.java:295)
	at org.springframework.beans.factory.support.DefaultSingletonBeanRegistry.getSingleton(DefaultSingletonBeanRegistry.java:223)
	at org.springframework.beans.factory.support.AbstractBeanFactory.doGetBean(AbstractBeanFactory.java:292)
	at org.springframework.beans.factory.support.AbstractBeanFactory.getBean(AbstractBeanFactory.java:198)
	at org.springframework.context.support.AbstractApplicationContext.registerBeanPostProcessors(AbstractApplicationContext.java:720)
	at org.springframework.context.support.AbstractApplicationContext.refresh(AbstractApplicationContext.java:464)
	at org.codehaus.groovy.grails.commons.spring.DefaultRuntimeSpringConfiguration.getApplicationContext(DefaultRuntimeSpringConfiguration.java:153)
	at org.codehaus.groovy.grails.commons.spring.GrailsRuntimeConfigurator.configure(GrailsRuntimeConfigurator.java:169)
	at org.codehaus.groovy.grails.commons.spring.GrailsRuntimeConfigurator.configure(GrailsRuntimeConfigurator.java:127)
	at org.codehaus.groovy.grails.web.context.GrailsConfigUtils.configureWebApplicationContext(GrailsConfigUtils.java:122)
	at org.codehaus.groovy.grails.web.context.GrailsContextLoader.initWebApplicationContext(GrailsContextLoader.java:108)
	at org.springframework.web.context.ContextLoaderListener.contextInitialized(ContextLoaderListener.java:112)
	at org.apache.catalina.core.StandardContext.listenerStart(StandardContext.java:4939)
	at org.apache.catalina.core.StandardContext.startInternal(StandardContext.java:5434)
	at org.apache.catalina.util.LifecycleBase.start(LifecycleBase.java:150)
	at org.apache.catalina.core.ContainerBase$StartChild.call(ContainerBase.java:1559)
	at org.apache.catalina.core.ContainerBase$StartChild.call(ContainerBase.java:1549)
	at java.util.concurrent.FutureTask.run(FutureTask.java:262)
	at java.util.concurrent.ThreadPoolExecutor.runWorker(ThreadPoolExecutor.java:1145)
	at java.util.concurrent.ThreadPoolExecutor$Worker.run(ThreadPoolExecutor.java:615)
	at java.lang.Thread.run(Thread.java:744)
Caused by: org.springframework.beans.factory.BeanCreationException: Error creating bean with name 'sessionFactory': Invocation of init method failed; nested exception is org.hibernate.InstantiationException: could not instantiate test objectflaming.adventure.Area
	at org.springframework.beans.factory.support.AbstractAutowireCapableBeanFactory.initializeBean(AbstractAutowireCapableBeanFactory.java:1482)
	at org.springframework.beans.factory.support.AbstractAutowireCapableBeanFactory.doCreateBean(AbstractAutowireCapableBeanFactory.java:521)
	at org.codehaus.groovy.grails.commons.spring.ReloadAwareAutowireCapableBeanFactory.doCreateBean(ReloadAwareAutowireCapableBeanFactory.java:127)
	at org.springframework.beans.factory.support.AbstractAutowireCapableBeanFactory.createBean(AbstractAutowireCapableBeanFactory.java:458)
	at org.springframework.beans.factory.support.AbstractBeanFactory$1.getObject(AbstractBeanFactory.java:295)
	at org.springframework.beans.factory.support.DefaultSingletonBeanRegistry.getSingleton(DefaultSingletonBeanRegistry.java:223)
	at org.springframework.beans.factory.support.AbstractBeanFactory.doGetBean(AbstractBeanFactory.java:292)
	at org.springframework.beans.factory.support.AbstractBeanFactory.getBean(AbstractBeanFactory.java:194)
	at org.springframework.beans.factory.support.BeanDefinitionValueResolver.resolveReference(BeanDefinitionValueResolver.java:323)
	... 38 more
Caused by: org.hibernate.InstantiationException: could not instantiate test objectflaming.adventure.Area
	at org.hibernate.engine.UnsavedValueFactory.instantiate(UnsavedValueFactory.java:48)
	at org.hibernate.engine.UnsavedValueFactory.getUnsavedIdentifierValue(UnsavedValueFactory.java:67)
	at org.hibernate.tuple.PropertyFactory.buildIdentifierProperty(PropertyFactory.java:67)
	at org.hibernate.tuple.entity.EntityMetamodel.<init>(EntityMetamodel.java:135)
	at org.hibernate.persister.entity.AbstractEntityPersister.<init>(AbstractEntityPersister.java:485)
	at org.hibernate.persister.entity.SingleTableEntityPersister.<init>(SingleTableEntityPersister.java:133)
	at org.codehaus.groovy.grails.orm.hibernate.persister.entity.GroovyAwareSingleTableEntityPersister.<init>(GroovyAwareSingleTableEntityPersister.java:42)
	at sun.reflect.NativeConstructorAccessorImpl.newInstance0(Native Method)
	at sun.reflect.NativeConstructorAccessorImpl.newInstance(NativeConstructorAccessorImpl.java:57)
	at sun.reflect.DelegatingConstructorAccessorImpl.newInstance(DelegatingConstructorAccessorImpl.java:45)
	at java.lang.reflect.Constructor.newInstance(Constructor.java:526)
	at org.springsource.loaded.ri.ReflectiveInterceptor.jlrConstructorNewInstance(ReflectiveInterceptor.java:986)
	at org.hibernate.persister.PersisterFactory.create(PersisterFactory.java:129)
	at org.hibernate.persister.PersisterFactory.createClassPersister(PersisterFactory.java:93)
	at org.hibernate.impl.SessionFactoryImpl.<init>(SessionFactoryImpl.java:286)
	at org.hibernate.cfg.Configuration.buildSessionFactory(Configuration.java:1872)
	at org.codehaus.groovy.grails.orm.hibernate.cfg.GrailsAnnotationConfiguration.buildSessionFactory(GrailsAnnotationConfiguration.java:135)
	at org.springframework.orm.hibernate3.LocalSessionFactoryBean.newSessionFactory(LocalSessionFactoryBean.java:863)
	at org.codehaus.groovy.grails.orm.hibernate.ConfigurableLocalSessionFactoryBean.newSessionFactory(ConfigurableLocalSessionFactoryBean.java:186)
	at org.springframework.orm.hibernate3.LocalSessionFactoryBean.buildSessionFactory(LocalSessionFactoryBean.java:782)
	at org.springframework.orm.hibernate3.AbstractSessionFactoryBean.afterPropertiesSet(AbstractSessionFactoryBean.java:188)
	at org.codehaus.groovy.grails.orm.hibernate.ConfigurableLocalSessionFactoryBean.afterPropertiesSet(ConfigurableLocalSessionFactoryBean.java:176)
	at org.springframework.beans.factory.support.AbstractAutowireCapableBeanFactory.invokeInitMethods(AbstractAutowireCapableBeanFactory.java:1541)
	at org.springframework.beans.factory.support.AbstractAutowireCapableBeanFactory.initializeBean(AbstractAutowireCapableBeanFactory.java:1479)
	... 46 more
Caused by: java.lang.reflect.InvocationTargetException
	at sun.reflect.NativeConstructorAccessorImpl.newInstance0(Native Method)
	at sun.reflect.NativeConstructorAccessorImpl.newInstance(NativeConstructorAccessorImpl.java:57)
	at sun.reflect.DelegatingConstructorAccessorImpl.newInstance(DelegatingConstructorAccessorImpl.java:45)
	at java.lang.reflect.Constructor.newInstance(Constructor.java:526)
	at org.springsource.loaded.ri.ReflectiveInterceptor.jlrConstructorNewInstance(ReflectiveInterceptor.java:986)
	at org.hibernate.engine.UnsavedValueFactory.instantiate(UnsavedValueFactory.java:45)
	... 69 more
Caused by: groovy.lang.MissingPropertyException: No such property: terrainFile for class: flaming.adventure.Area
	at org.codehaus.groovy.runtime.ScriptBytecodeAdapter.unwrap(ScriptBytecodeAdapter.java:50)
	at org.codehaus.groovy.runtime.callsite.PogoMetaClassGetPropertySite.getProperty(PogoMetaClassGetPropertySite.java:50)
	at org.codehaus.groovy.runtime.callsite.AbstractCallSite.callGroovyObjectGetProperty(AbstractCallSite.java:231)
	at flaming.adventure.Area.<init>(Area.groovy:22)
	... 75 more
2013-11-02 22:27:07,929 [localhost-startStop-1] ERROR StackTrace  - Full Stack Trace:
org.springframework.beans.factory.BeanCreationException: Error creating bean with name 'sessionFactory': Invocation of init method failed; nested exception is org.hibernate.InstantiationException: could not instantiate test objectflaming.adventure.Area
	at org.springframework.beans.factory.support.AbstractAutowireCapableBeanFactory.initializeBean(AbstractAutowireCapableBeanFactory.java:1482)
	at org.springframework.beans.factory.support.AbstractAutowireCapableBeanFactory.doCreateBean(AbstractAutowireCapableBeanFactory.java:521)
	at org.codehaus.groovy.grails.commons.spring.ReloadAwareAutowireCapableBeanFactory.doCreateBean(ReloadAwareAutowireCapableBeanFactory.java:127)
	at org.springframework.beans.factory.support.AbstractAutowireCapableBeanFactory.createBean(AbstractAutowireCapableBeanFactory.java:458)
	at org.springframework.beans.factory.support.AbstractBeanFactory$1.getObject(AbstractBeanFactory.java:295)
	at org.springframework.beans.factory.support.DefaultSingletonBeanRegistry.getSingleton(DefaultSingletonBeanRegistry.java:223)
	at org.springframework.beans.factory.support.AbstractBeanFactory.doGetBean(AbstractBeanFactory.java:292)
	at org.springframework.beans.factory.support.AbstractBeanFactory.getBean(AbstractBeanFactory.java:194)
	at org.springframework.beans.factory.support.BeanDefinitionValueResolver.resolveReference(BeanDefinitionValueResolver.java:323)
	at org.springframework.beans.factory.support.BeanDefinitionValueResolver.resolveValueIfNecessary(BeanDefinitionValueResolver.java:107)
	at org.springframework.beans.factory.support.AbstractAutowireCapableBeanFactory.applyPropertyValues(AbstractAutowireCapableBeanFactory.java:1387)
	at org.springframework.beans.factory.support.AbstractAutowireCapableBeanFactory.populateBean(AbstractAutowireCapableBeanFactory.java:1128)
	at org.springframework.beans.factory.support.AbstractAutowireCapableBeanFactory.doCreateBean(AbstractAutowireCapableBeanFactory.java:519)
	at org.codehaus.groovy.grails.commons.spring.ReloadAwareAutowireCapableBeanFactory.doCreateBean(ReloadAwareAutowireCapableBeanFactory.java:127)
	at org.springframework.beans.factory.support.AbstractAutowireCapableBeanFactory.createBean(AbstractAutowireCapableBeanFactory.java:458)
	at org.springframework.beans.factory.support.AbstractBeanFactory$1.getObject(AbstractBeanFactory.java:295)
	at org.springframework.beans.factory.support.DefaultSingletonBeanRegistry.getSingleton(DefaultSingletonBeanRegistry.java:223)
	at org.springframework.beans.factory.support.AbstractBeanFactory.doGetBean(AbstractBeanFactory.java:292)
	at org.springframework.beans.factory.support.AbstractBeanFactory.getBean(AbstractBeanFactory.java:198)
	at org.codehaus.groovy.grails.orm.support.TransactionManagerPostProcessor.initialize(TransactionManagerPostProcessor.java:74)
	at org.codehaus.groovy.grails.orm.support.TransactionManagerPostProcessor.setBeanFactory(TransactionManagerPostProcessor.java:52)
	at org.springframework.beans.factory.support.AbstractAutowireCapableBeanFactory.invokeAwareMethods(AbstractAutowireCapableBeanFactory.java:1502)
	at org.springframework.beans.factory.support.AbstractAutowireCapableBeanFactory.initializeBean(AbstractAutowireCapableBeanFactory.java:1470)
	at org.springframework.beans.factory.support.AbstractAutowireCapableBeanFactory.doCreateBean(AbstractAutowireCapableBeanFactory.java:521)
	at org.codehaus.groovy.grails.commons.spring.ReloadAwareAutowireCapableBeanFactory.doCreateBean(ReloadAwareAutowireCapableBeanFactory.java:127)
	at org.springframework.beans.factory.support.AbstractAutowireCapableBeanFactory.createBean(AbstractAutowireCapableBeanFactory.java:458)
	at org.springframework.beans.factory.support.AbstractBeanFactory$1.getObject(AbstractBeanFactory.java:295)
	at org.springframework.beans.factory.support.DefaultSingletonBeanRegistry.getSingleton(DefaultSingletonBeanRegistry.java:223)
	at org.springframework.beans.factory.support.AbstractBeanFactory.doGetBean(AbstractBeanFactory.java:292)
	at org.springframework.beans.factory.support.AbstractBeanFactory.getBean(AbstractBeanFactory.java:198)
	at org.springframework.context.support.AbstractApplicationContext.registerBeanPostProcessors(AbstractApplicationContext.java:720)
	at org.springframework.context.support.AbstractApplicationContext.refresh(AbstractApplicationContext.java:464)
	at org.codehaus.groovy.grails.commons.spring.DefaultRuntimeSpringConfiguration.getApplicationContext(DefaultRuntimeSpringConfiguration.java:153)
	at org.codehaus.groovy.grails.commons.spring.GrailsRuntimeConfigurator.configure(GrailsRuntimeConfigurator.java:169)
	at org.codehaus.groovy.grails.commons.spring.GrailsRuntimeConfigurator.configure(GrailsRuntimeConfigurator.java:127)
	at org.codehaus.groovy.grails.web.context.GrailsConfigUtils.configureWebApplicationContext(GrailsConfigUtils.java:122)
	at org.codehaus.groovy.grails.web.context.GrailsContextLoader.initWebApplicationContext(GrailsContextLoader.java:108)
	at org.springframework.web.context.ContextLoaderListener.contextInitialized(ContextLoaderListener.java:112)
	at org.apache.catalina.core.StandardContext.listenerStart(StandardContext.java:4939)
	at org.apache.catalina.core.StandardContext.startInternal(StandardContext.java:5434)
	at org.apache.catalina.util.LifecycleBase.start(LifecycleBase.java:150)
	at org.apache.catalina.core.ContainerBase$StartChild.call(ContainerBase.java:1559)
	at org.apache.catalina.core.ContainerBase$StartChild.call(ContainerBase.java:1549)
	at java.util.concurrent.FutureTask.run(FutureTask.java:262)
	at java.util.concurrent.ThreadPoolExecutor.runWorker(ThreadPoolExecutor.java:1145)
	at java.util.concurrent.ThreadPoolExecutor$Worker.run(ThreadPoolExecutor.java:615)
	at java.lang.Thread.run(Thread.java:744)
Caused by: org.hibernate.InstantiationException: could not instantiate test objectflaming.adventure.Area
	at org.hibernate.engine.UnsavedValueFactory.instantiate(UnsavedValueFactory.java:48)
	at org.hibernate.engine.UnsavedValueFactory.getUnsavedIdentifierValue(UnsavedValueFactory.java:67)
	at org.hibernate.tuple.PropertyFactory.buildIdentifierProperty(PropertyFactory.java:67)
	at org.hibernate.tuple.entity.EntityMetamodel.<init>(EntityMetamodel.java:135)
	at org.hibernate.persister.entity.AbstractEntityPersister.<init>(AbstractEntityPersister.java:485)
	at org.hibernate.persister.entity.SingleTableEntityPersister.<init>(SingleTableEntityPersister.java:133)
	at org.codehaus.groovy.grails.orm.hibernate.persister.entity.GroovyAwareSingleTableEntityPersister.<init>(GroovyAwareSingleTableEntityPersister.java:42)
	at sun.reflect.NativeConstructorAccessorImpl.newInstance0(Native Method)
	at sun.reflect.NativeConstructorAccessorImpl.newInstance(NativeConstructorAccessorImpl.java:57)
	at sun.reflect.DelegatingConstructorAccessorImpl.newInstance(DelegatingConstructorAccessorImpl.java:45)
	at java.lang.reflect.Constructor.newInstance(Constructor.java:526)
	at org.springsource.loaded.ri.ReflectiveInterceptor.jlrConstructorNewInstance(ReflectiveInterceptor.java:986)
	at org.hibernate.persister.PersisterFactory.create(PersisterFactory.java:129)
	at org.hibernate.persister.PersisterFactory.createClassPersister(PersisterFactory.java:93)
	at org.hibernate.impl.SessionFactoryImpl.<init>(SessionFactoryImpl.java:286)
	at org.hibernate.cfg.Configuration.buildSessionFactory(Configuration.java:1872)
	at org.codehaus.groovy.grails.orm.hibernate.cfg.GrailsAnnotationConfiguration.buildSessionFactory(GrailsAnnotationConfiguration.java:135)
	at org.springframework.orm.hibernate3.LocalSessionFactoryBean.newSessionFactory(LocalSessionFactoryBean.java:863)
	at org.codehaus.groovy.grails.orm.hibernate.ConfigurableLocalSessionFactoryBean.newSessionFactory(ConfigurableLocalSessionFactoryBean.java:186)
	at org.springframework.orm.hibernate3.LocalSessionFactoryBean.buildSessionFactory(LocalSessionFactoryBean.java:782)
	at org.springframework.orm.hibernate3.AbstractSessionFactoryBean.afterPropertiesSet(AbstractSessionFactoryBean.java:188)
	at org.codehaus.groovy.grails.orm.hibernate.ConfigurableLocalSessionFactoryBean.afterPropertiesSet(ConfigurableLocalSessionFactoryBean.java:176)
	at org.springframework.beans.factory.support.AbstractAutowireCapableBeanFactory.invokeInitMethods(AbstractAutowireCapableBeanFactory.java:1541)
	at org.springframework.beans.factory.support.AbstractAutowireCapableBeanFactory.initializeBean(AbstractAutowireCapableBeanFactory.java:1479)
	... 46 more
Caused by: java.lang.reflect.InvocationTargetException
	at sun.reflect.NativeConstructorAccessorImpl.newInstance0(Native Method)
	at sun.reflect.NativeConstructorAccessorImpl.newInstance(NativeConstructorAccessorImpl.java:57)
	at sun.reflect.DelegatingConstructorAccessorImpl.newInstance(DelegatingConstructorAccessorImpl.java:45)
	at java.lang.reflect.Constructor.newInstance(Constructor.java:526)
	at org.springsource.loaded.ri.ReflectiveInterceptor.jlrConstructorNewInstance(ReflectiveInterceptor.java:986)
	at org.hibernate.engine.UnsavedValueFactory.instantiate(UnsavedValueFactory.java:45)
	... 69 more
Caused by: groovy.lang.MissingPropertyException: No such property: terrainFile for class: flaming.adventure.Area
	at org.codehaus.groovy.runtime.ScriptBytecodeAdapter.unwrap(ScriptBytecodeAdapter.java:50)
	at org.codehaus.groovy.runtime.callsite.PogoMetaClassGetPropertySite.getProperty(PogoMetaClassGetPropertySite.java:50)
	at org.codehaus.groovy.runtime.callsite.AbstractCallSite.callGroovyObjectGetProperty(AbstractCallSite.java:231)
	at flaming.adventure.Area.<init>(Area.groovy:22)
	... 75 more
2013-11-02 22:27:07,940 [localhost-startStop-1] ERROR StackTrace  - Full Stack Trace:
org.hibernate.InstantiationException: could not instantiate test objectflaming.adventure.Area
	at org.hibernate.engine.UnsavedValueFactory.instantiate(UnsavedValueFactory.java:48)
	at org.hibernate.engine.UnsavedValueFactory.getUnsavedIdentifierValue(UnsavedValueFactory.java:67)
	at org.hibernate.tuple.PropertyFactory.buildIdentifierProperty(PropertyFactory.java:67)
	at org.hibernate.tuple.entity.EntityMetamodel.<init>(EntityMetamodel.java:135)
	at org.hibernate.persister.entity.AbstractEntityPersister.<init>(AbstractEntityPersister.java:485)
	at org.hibernate.persister.entity.SingleTableEntityPersister.<init>(SingleTableEntityPersister.java:133)
	at org.codehaus.groovy.grails.orm.hibernate.persister.entity.GroovyAwareSingleTableEntityPersister.<init>(GroovyAwareSingleTableEntityPersister.java:42)
	at sun.reflect.NativeConstructorAccessorImpl.newInstance0(Native Method)
	at sun.reflect.NativeConstructorAccessorImpl.newInstance(NativeConstructorAccessorImpl.java:57)
	at sun.reflect.DelegatingConstructorAccessorImpl.newInstance(DelegatingConstructorAccessorImpl.java:45)
	at java.lang.reflect.Constructor.newInstance(Constructor.java:526)
	at org.springsource.loaded.ri.ReflectiveInterceptor.jlrConstructorNewInstance(ReflectiveInterceptor.java:986)
	at org.hibernate.persister.PersisterFactory.create(PersisterFactory.java:129)
	at org.hibernate.persister.PersisterFactory.createClassPersister(PersisterFactory.java:93)
	at org.hibernate.impl.SessionFactoryImpl.<init>(SessionFactoryImpl.java:286)
	at org.hibernate.cfg.Configuration.buildSessionFactory(Configuration.java:1872)
	at org.codehaus.groovy.grails.orm.hibernate.cfg.GrailsAnnotationConfiguration.buildSessionFactory(GrailsAnnotationConfiguration.java:135)
	at org.springframework.orm.hibernate3.LocalSessionFactoryBean.newSessionFactory(LocalSessionFactoryBean.java:863)
	at org.codehaus.groovy.grails.orm.hibernate.ConfigurableLocalSessionFactoryBean.newSessionFactory(ConfigurableLocalSessionFactoryBean.java:186)
	at org.springframework.orm.hibernate3.LocalSessionFactoryBean.buildSessionFactory(LocalSessionFactoryBean.java:782)
	at org.springframework.orm.hibernate3.AbstractSessionFactoryBean.afterPropertiesSet(AbstractSessionFactoryBean.java:188)
	at org.codehaus.groovy.grails.orm.hibernate.ConfigurableLocalSessionFactoryBean.afterPropertiesSet(ConfigurableLocalSessionFactoryBean.java:176)
	at org.springframework.beans.factory.support.AbstractAutowireCapableBeanFactory.invokeInitMethods(AbstractAutowireCapableBeanFactory.java:1541)
	at org.springframework.beans.factory.support.AbstractAutowireCapableBeanFactory.initializeBean(AbstractAutowireCapableBeanFactory.java:1479)
	at org.springframework.beans.factory.support.AbstractAutowireCapableBeanFactory.doCreateBean(AbstractAutowireCapableBeanFactory.java:521)
	at org.codehaus.groovy.grails.commons.spring.ReloadAwareAutowireCapableBeanFactory.doCreateBean(ReloadAwareAutowireCapableBeanFactory.java:127)
	at org.springframework.beans.factory.support.AbstractAutowireCapableBeanFactory.createBean(AbstractAutowireCapableBeanFactory.java:458)
	at org.springframework.beans.factory.support.AbstractBeanFactory$1.getObject(AbstractBeanFactory.java:295)
	at org.springframework.beans.factory.support.DefaultSingletonBeanRegistry.getSingleton(DefaultSingletonBeanRegistry.java:223)
	at org.springframework.beans.factory.support.AbstractBeanFactory.doGetBean(AbstractBeanFactory.java:292)
	at org.springframework.beans.factory.support.AbstractBeanFactory.getBean(AbstractBeanFactory.java:194)
	at org.springframework.beans.factory.support.BeanDefinitionValueResolver.resolveReference(BeanDefinitionValueResolver.java:323)
	at org.springframework.beans.factory.support.BeanDefinitionValueResolver.resolveValueIfNecessary(BeanDefinitionValueResolver.java:107)
	at org.springframework.beans.factory.support.AbstractAutowireCapableBeanFactory.applyPropertyValues(AbstractAutowireCapableBeanFactory.java:1387)
	at org.springframework.beans.factory.support.AbstractAutowireCapableBeanFactory.populateBean(AbstractAutowireCapableBeanFactory.java:1128)
	at org.springframework.beans.factory.support.AbstractAutowireCapableBeanFactory.doCreateBean(AbstractAutowireCapableBeanFactory.java:519)
	at org.codehaus.groovy.grails.commons.spring.ReloadAwareAutowireCapableBeanFactory.doCreateBean(ReloadAwareAutowireCapableBeanFactory.java:127)
	at org.springframework.beans.factory.support.AbstractAutowireCapableBeanFactory.createBean(AbstractAutowireCapableBeanFactory.java:458)
	at org.springframework.beans.factory.support.AbstractBeanFactory$1.getObject(AbstractBeanFactory.java:295)
	at org.springframework.beans.factory.support.DefaultSingletonBeanRegistry.getSingleton(DefaultSingletonBeanRegistry.java:223)
	at org.springframework.beans.factory.support.AbstractBeanFactory.doGetBean(AbstractBeanFactory.java:292)
	at org.springframework.beans.factory.support.AbstractBeanFactory.getBean(AbstractBeanFactory.java:198)
	at org.codehaus.groovy.grails.orm.support.TransactionManagerPostProcessor.initialize(TransactionManagerPostProcessor.java:74)
	at org.codehaus.groovy.grails.orm.support.TransactionManagerPostProcessor.setBeanFactory(TransactionManagerPostProcessor.java:52)
	at org.springframework.beans.factory.support.AbstractAutowireCapableBeanFactory.invokeAwareMethods(AbstractAutowireCapableBeanFactory.java:1502)
	at org.springframework.beans.factory.support.AbstractAutowireCapableBeanFactory.initializeBean(AbstractAutowireCapableBeanFactory.java:1470)
	at org.springframework.beans.factory.support.AbstractAutowireCapableBeanFactory.doCreateBean(AbstractAutowireCapableBeanFactory.java:521)
	at org.codehaus.groovy.grails.commons.spring.ReloadAwareAutowireCapableBeanFactory.doCreateBean(ReloadAwareAutowireCapableBeanFactory.java:127)
	at org.springframework.beans.factory.support.AbstractAutowireCapableBeanFactory.createBean(AbstractAutowireCapableBeanFactory.java:458)
	at org.springframework.beans.factory.support.AbstractBeanFactory$1.getObject(AbstractBeanFactory.java:295)
	at org.springframework.beans.factory.support.DefaultSingletonBeanRegistry.getSingleton(DefaultSingletonBeanRegistry.java:223)
	at org.springframework.beans.factory.support.AbstractBeanFactory.doGetBean(AbstractBeanFactory.java:292)
	at org.springframework.beans.factory.support.AbstractBeanFactory.getBean(AbstractBeanFactory.java:198)
	at org.springframework.context.support.AbstractApplicationContext.registerBeanPostProcessors(AbstractApplicationContext.java:720)
	at org.springframework.context.support.AbstractApplicationContext.refresh(AbstractApplicationContext.java:464)
	at org.codehaus.groovy.grails.commons.spring.DefaultRuntimeSpringConfiguration.getApplicationContext(DefaultRuntimeSpringConfiguration.java:153)
	at org.codehaus.groovy.grails.commons.spring.GrailsRuntimeConfigurator.configure(GrailsRuntimeConfigurator.java:169)
	at org.codehaus.groovy.grails.commons.spring.GrailsRuntimeConfigurator.configure(GrailsRuntimeConfigurator.java:127)
	at org.codehaus.groovy.grails.web.context.GrailsConfigUtils.configureWebApplicationContext(GrailsConfigUtils.java:122)
	at org.codehaus.groovy.grails.web.context.GrailsContextLoader.initWebApplicationContext(GrailsContextLoader.java:108)
	at org.springframework.web.context.ContextLoaderListener.contextInitialized(ContextLoaderListener.java:112)
	at org.apache.catalina.core.StandardContext.listenerStart(StandardContext.java:4939)
	at org.apache.catalina.core.StandardContext.startInternal(StandardContext.java:5434)
	at org.apache.catalina.util.LifecycleBase.start(LifecycleBase.java:150)
	at org.apache.catalina.core.ContainerBase$StartChild.call(ContainerBase.java:1559)
	at org.apache.catalina.core.ContainerBase$StartChild.call(ContainerBase.java:1549)
	at java.util.concurrent.FutureTask.run(FutureTask.java:262)
	at java.util.concurrent.ThreadPoolExecutor.runWorker(ThreadPoolExecutor.java:1145)
	at java.util.concurrent.ThreadPoolExecutor$Worker.run(ThreadPoolExecutor.java:615)
	at java.lang.Thread.run(Thread.java:744)
Caused by: java.lang.reflect.InvocationTargetException
	at sun.reflect.NativeConstructorAccessorImpl.newInstance0(Native Method)
	at sun.reflect.NativeConstructorAccessorImpl.newInstance(NativeConstructorAccessorImpl.java:57)
	at sun.reflect.DelegatingConstructorAccessorImpl.newInstance(DelegatingConstructorAccessorImpl.java:45)
	at java.lang.reflect.Constructor.newInstance(Constructor.java:526)
	at org.springsource.loaded.ri.ReflectiveInterceptor.jlrConstructorNewInstance(ReflectiveInterceptor.java:986)
	at org.hibernate.engine.UnsavedValueFactory.instantiate(UnsavedValueFactory.java:45)
	... 69 more
Caused by: groovy.lang.MissingPropertyException: No such property: terrainFile for class: flaming.adventure.Area
	at org.codehaus.groovy.runtime.ScriptBytecodeAdapter.unwrap(ScriptBytecodeAdapter.java:50)
	at org.codehaus.groovy.runtime.callsite.PogoMetaClassGetPropertySite.getProperty(PogoMetaClassGetPropertySite.java:50)
	at org.codehaus.groovy.runtime.callsite.AbstractCallSite.callGroovyObjectGetProperty(AbstractCallSite.java:231)
	at flaming.adventure.Area.<init>(Area.groovy:22)
	... 75 more
2013-11-02 22:27:07,952 [localhost-startStop-1] ERROR StackTrace  - Full Stack Trace:
java.lang.reflect.InvocationTargetException
	at sun.reflect.NativeConstructorAccessorImpl.newInstance0(Native Method)
	at sun.reflect.NativeConstructorAccessorImpl.newInstance(NativeConstructorAccessorImpl.java:57)
	at sun.reflect.DelegatingConstructorAccessorImpl.newInstance(DelegatingConstructorAccessorImpl.java:45)
	at java.lang.reflect.Constructor.newInstance(Constructor.java:526)
	at org.springsource.loaded.ri.ReflectiveInterceptor.jlrConstructorNewInstance(ReflectiveInterceptor.java:986)
	at org.hibernate.engine.UnsavedValueFactory.instantiate(UnsavedValueFactory.java:45)
	at org.hibernate.engine.UnsavedValueFactory.getUnsavedIdentifierValue(UnsavedValueFactory.java:67)
	at org.hibernate.tuple.PropertyFactory.buildIdentifierProperty(PropertyFactory.java:67)
	at org.hibernate.tuple.entity.EntityMetamodel.<init>(EntityMetamodel.java:135)
	at org.hibernate.persister.entity.AbstractEntityPersister.<init>(AbstractEntityPersister.java:485)
	at org.hibernate.persister.entity.SingleTableEntityPersister.<init>(SingleTableEntityPersister.java:133)
	at org.codehaus.groovy.grails.orm.hibernate.persister.entity.GroovyAwareSingleTableEntityPersister.<init>(GroovyAwareSingleTableEntityPersister.java:42)
	at sun.reflect.NativeConstructorAccessorImpl.newInstance0(Native Method)
	at sun.reflect.NativeConstructorAccessorImpl.newInstance(NativeConstructorAccessorImpl.java:57)
	at sun.reflect.DelegatingConstructorAccessorImpl.newInstance(DelegatingConstructorAccessorImpl.java:45)
	at java.lang.reflect.Constructor.newInstance(Constructor.java:526)
	at org.springsource.loaded.ri.ReflectiveInterceptor.jlrConstructorNewInstance(ReflectiveInterceptor.java:986)
	at org.hibernate.persister.PersisterFactory.create(PersisterFactory.java:129)
	at org.hibernate.persister.PersisterFactory.createClassPersister(PersisterFactory.java:93)
	at org.hibernate.impl.SessionFactoryImpl.<init>(SessionFactoryImpl.java:286)
	at org.hibernate.cfg.Configuration.buildSessionFactory(Configuration.java:1872)
	at org.codehaus.groovy.grails.orm.hibernate.cfg.GrailsAnnotationConfiguration.buildSessionFactory(GrailsAnnotationConfiguration.java:135)
	at org.springframework.orm.hibernate3.LocalSessionFactoryBean.newSessionFactory(LocalSessionFactoryBean.java:863)
	at org.codehaus.groovy.grails.orm.hibernate.ConfigurableLocalSessionFactoryBean.newSessionFactory(ConfigurableLocalSessionFactoryBean.java:186)
	at org.springframework.orm.hibernate3.LocalSessionFactoryBean.buildSessionFactory(LocalSessionFactoryBean.java:782)
	at org.springframework.orm.hibernate3.AbstractSessionFactoryBean.afterPropertiesSet(AbstractSessionFactoryBean.java:188)
	at org.codehaus.groovy.grails.orm.hibernate.ConfigurableLocalSessionFactoryBean.afterPropertiesSet(ConfigurableLocalSessionFactoryBean.java:176)
	at org.springframework.beans.factory.support.AbstractAutowireCapableBeanFactory.invokeInitMethods(AbstractAutowireCapableBeanFactory.java:1541)
	at org.springframework.beans.factory.support.AbstractAutowireCapableBeanFactory.initializeBean(AbstractAutowireCapableBeanFactory.java:1479)
	at org.springframework.beans.factory.support.AbstractAutowireCapableBeanFactory.doCreateBean(AbstractAutowireCapableBeanFactory.java:521)
	at org.codehaus.groovy.grails.commons.spring.ReloadAwareAutowireCapableBeanFactory.doCreateBean(ReloadAwareAutowireCapableBeanFactory.java:127)
	at org.springframework.beans.factory.support.AbstractAutowireCapableBeanFactory.createBean(AbstractAutowireCapableBeanFactory.java:458)
	at org.springframework.beans.factory.support.AbstractBeanFactory$1.getObject(AbstractBeanFactory.java:295)
	at org.springframework.beans.factory.support.DefaultSingletonBeanRegistry.getSingleton(DefaultSingletonBeanRegistry.java:223)
	at org.springframework.beans.factory.support.AbstractBeanFactory.doGetBean(AbstractBeanFactory.java:292)
	at org.springframework.beans.factory.support.AbstractBeanFactory.getBean(AbstractBeanFactory.java:194)
	at org.springframework.beans.factory.support.BeanDefinitionValueResolver.resolveReference(BeanDefinitionValueResolver.java:323)
	at org.springframework.beans.factory.support.BeanDefinitionValueResolver.resolveValueIfNecessary(BeanDefinitionValueResolver.java:107)
	at org.springframework.beans.factory.support.AbstractAutowireCapableBeanFactory.applyPropertyValues(AbstractAutowireCapableBeanFactory.java:1387)
	at org.springframework.beans.factory.support.AbstractAutowireCapableBeanFactory.populateBean(AbstractAutowireCapableBeanFactory.java:1128)
	at org.springframework.beans.factory.support.AbstractAutowireCapableBeanFactory.doCreateBean(AbstractAutowireCapableBeanFactory.java:519)
	at org.codehaus.groovy.grails.commons.spring.ReloadAwareAutowireCapableBeanFactory.doCreateBean(ReloadAwareAutowireCapableBeanFactory.java:127)
	at org.springframework.beans.factory.support.AbstractAutowireCapableBeanFactory.createBean(AbstractAutowireCapableBeanFactory.java:458)
	at org.springframework.beans.factory.support.AbstractBeanFactory$1.getObject(AbstractBeanFactory.java:295)
	at org.springframework.beans.factory.support.DefaultSingletonBeanRegistry.getSingleton(DefaultSingletonBeanRegistry.java:223)
	at org.springframework.beans.factory.support.AbstractBeanFactory.doGetBean(AbstractBeanFactory.java:292)
	at org.springframework.beans.factory.support.AbstractBeanFactory.getBean(AbstractBeanFactory.java:198)
	at org.codehaus.groovy.grails.orm.support.TransactionManagerPostProcessor.initialize(TransactionManagerPostProcessor.java:74)
	at org.codehaus.groovy.grails.orm.support.TransactionManagerPostProcessor.setBeanFactory(TransactionManagerPostProcessor.java:52)
	at org.springframework.beans.factory.support.AbstractAutowireCapableBeanFactory.invokeAwareMethods(AbstractAutowireCapableBeanFactory.java:1502)
	at org.springframework.beans.factory.support.AbstractAutowireCapableBeanFactory.initializeBean(AbstractAutowireCapableBeanFactory.java:1470)
	at org.springframework.beans.factory.support.AbstractAutowireCapableBeanFactory.doCreateBean(AbstractAutowireCapableBeanFactory.java:521)
	at org.codehaus.groovy.grails.commons.spring.ReloadAwareAutowireCapableBeanFactory.doCreateBean(ReloadAwareAutowireCapableBeanFactory.java:127)
	at org.springframework.beans.factory.support.AbstractAutowireCapableBeanFactory.createBean(AbstractAutowireCapableBeanFactory.java:458)
	at org.springframework.beans.factory.support.AbstractBeanFactory$1.getObject(AbstractBeanFactory.java:295)
	at org.springframework.beans.factory.support.DefaultSingletonBeanRegistry.getSingleton(DefaultSingletonBeanRegistry.java:223)
	at org.springframework.beans.factory.support.AbstractBeanFactory.doGetBean(AbstractBeanFactory.java:292)
	at org.springframework.beans.factory.support.AbstractBeanFactory.getBean(AbstractBeanFactory.java:198)
	at org.springframework.context.support.AbstractApplicationContext.registerBeanPostProcessors(AbstractApplicationContext.java:720)
	at org.springframework.context.support.AbstractApplicationContext.refresh(AbstractApplicationContext.java:464)
	at org.codehaus.groovy.grails.commons.spring.DefaultRuntimeSpringConfiguration.getApplicationContext(DefaultRuntimeSpringConfiguration.java:153)
	at org.codehaus.groovy.grails.commons.spring.GrailsRuntimeConfigurator.configure(GrailsRuntimeConfigurator.java:169)
	at org.codehaus.groovy.grails.commons.spring.GrailsRuntimeConfigurator.configure(GrailsRuntimeConfigurator.java:127)
	at org.codehaus.groovy.grails.web.context.GrailsConfigUtils.configureWebApplicationContext(GrailsConfigUtils.java:122)
	at org.codehaus.groovy.grails.web.context.GrailsContextLoader.initWebApplicationContext(GrailsContextLoader.java:108)
	at org.springframework.web.context.ContextLoaderListener.contextInitialized(ContextLoaderListener.java:112)
	at org.apache.catalina.core.StandardContext.listenerStart(StandardContext.java:4939)
	at org.apache.catalina.core.StandardContext.startInternal(StandardContext.java:5434)
	at org.apache.catalina.util.LifecycleBase.start(LifecycleBase.java:150)
	at org.apache.catalina.core.ContainerBase$StartChild.call(ContainerBase.java:1559)
	at org.apache.catalina.core.ContainerBase$StartChild.call(ContainerBase.java:1549)
	at java.util.concurrent.FutureTask.run(FutureTask.java:262)
	at java.util.concurrent.ThreadPoolExecutor.runWorker(ThreadPoolExecutor.java:1145)
	at java.util.concurrent.ThreadPoolExecutor$Worker.run(ThreadPoolExecutor.java:615)
	at java.lang.Thread.run(Thread.java:744)
Caused by: groovy.lang.MissingPropertyException: No such property: terrainFile for class: flaming.adventure.Area
	at org.codehaus.groovy.runtime.ScriptBytecodeAdapter.unwrap(ScriptBytecodeAdapter.java:50)
	at org.codehaus.groovy.runtime.callsite.PogoMetaClassGetPropertySite.getProperty(PogoMetaClassGetPropertySite.java:50)
	at org.codehaus.groovy.runtime.callsite.AbstractCallSite.callGroovyObjectGetProperty(AbstractCallSite.java:231)
	at flaming.adventure.Area.<init>(Area.groovy:22)
	... 75 more
2013-11-02 22:27:07,959 [localhost-startStop-1] ERROR StackTrace  - Full Stack Trace:
groovy.lang.MissingPropertyException: No such property: terrainFile for class: flaming.adventure.Area
	at org.codehaus.groovy.runtime.ScriptBytecodeAdapter.unwrap(ScriptBytecodeAdapter.java:50)
	at org.codehaus.groovy.runtime.callsite.PogoMetaClassGetPropertySite.getProperty(PogoMetaClassGetPropertySite.java:50)
	at org.codehaus.groovy.runtime.callsite.AbstractCallSite.callGroovyObjectGetProperty(AbstractCallSite.java:231)
	at flaming.adventure.Area.<init>(Area.groovy:22)
	at sun.reflect.NativeConstructorAccessorImpl.newInstance0(Native Method)
	at sun.reflect.NativeConstructorAccessorImpl.newInstance(NativeConstructorAccessorImpl.java:57)
	at sun.reflect.DelegatingConstructorAccessorImpl.newInstance(DelegatingConstructorAccessorImpl.java:45)
	at java.lang.reflect.Constructor.newInstance(Constructor.java:526)
	at org.springsource.loaded.ri.ReflectiveInterceptor.jlrConstructorNewInstance(ReflectiveInterceptor.java:986)
	at org.hibernate.engine.UnsavedValueFactory.instantiate(UnsavedValueFactory.java:45)
	at org.hibernate.engine.UnsavedValueFactory.getUnsavedIdentifierValue(UnsavedValueFactory.java:67)
	at org.hibernate.tuple.PropertyFactory.buildIdentifierProperty(PropertyFactory.java:67)
	at org.hibernate.tuple.entity.EntityMetamodel.<init>(EntityMetamodel.java:135)
	at org.hibernate.persister.entity.AbstractEntityPersister.<init>(AbstractEntityPersister.java:485)
	at org.hibernate.persister.entity.SingleTableEntityPersister.<init>(SingleTableEntityPersister.java:133)
	at org.codehaus.groovy.grails.orm.hibernate.persister.entity.GroovyAwareSingleTableEntityPersister.<init>(GroovyAwareSingleTableEntityPersister.java:42)
	at sun.reflect.NativeConstructorAccessorImpl.newInstance0(Native Method)
	at sun.reflect.NativeConstructorAccessorImpl.newInstance(NativeConstructorAccessorImpl.java:57)
	at sun.reflect.DelegatingConstructorAccessorImpl.newInstance(DelegatingConstructorAccessorImpl.java:45)
	at java.lang.reflect.Constructor.newInstance(Constructor.java:526)
	at org.springsource.loaded.ri.ReflectiveInterceptor.jlrConstructorNewInstance(ReflectiveInterceptor.java:986)
	at org.hibernate.persister.PersisterFactory.create(PersisterFactory.java:129)
	at org.hibernate.persister.PersisterFactory.createClassPersister(PersisterFactory.java:93)
	at org.hibernate.impl.SessionFactoryImpl.<init>(SessionFactoryImpl.java:286)
	at org.hibernate.cfg.Configuration.buildSessionFactory(Configuration.java:1872)
	at org.codehaus.groovy.grails.orm.hibernate.cfg.GrailsAnnotationConfiguration.buildSessionFactory(GrailsAnnotationConfiguration.java:135)
	at org.springframework.orm.hibernate3.LocalSessionFactoryBean.newSessionFactory(LocalSessionFactoryBean.java:863)
	at org.codehaus.groovy.grails.orm.hibernate.ConfigurableLocalSessionFactoryBean.newSessionFactory(ConfigurableLocalSessionFactoryBean.java:186)
	at org.springframework.orm.hibernate3.LocalSessionFactoryBean.buildSessionFactory(LocalSessionFactoryBean.java:782)
	at org.springframework.orm.hibernate3.AbstractSessionFactoryBean.afterPropertiesSet(AbstractSessionFactoryBean.java:188)
	at org.codehaus.groovy.grails.orm.hibernate.ConfigurableLocalSessionFactoryBean.afterPropertiesSet(ConfigurableLocalSessionFactoryBean.java:176)
	at org.springframework.beans.factory.support.AbstractAutowireCapableBeanFactory.invokeInitMethods(AbstractAutowireCapableBeanFactory.java:1541)
	at org.springframework.beans.factory.support.AbstractAutowireCapableBeanFactory.initializeBean(AbstractAutowireCapableBeanFactory.java:1479)
	at org.springframework.beans.factory.support.AbstractAutowireCapableBeanFactory.doCreateBean(AbstractAutowireCapableBeanFactory.java:521)
	at org.codehaus.groovy.grails.commons.spring.ReloadAwareAutowireCapableBeanFactory.doCreateBean(ReloadAwareAutowireCapableBeanFactory.java:127)
	at org.springframework.beans.factory.support.AbstractAutowireCapableBeanFactory.createBean(AbstractAutowireCapableBeanFactory.java:458)
	at org.springframework.beans.factory.support.AbstractBeanFactory$1.getObject(AbstractBeanFactory.java:295)
	at org.springframework.beans.factory.support.DefaultSingletonBeanRegistry.getSingleton(DefaultSingletonBeanRegistry.java:223)
	at org.springframework.beans.factory.support.AbstractBeanFactory.doGetBean(AbstractBeanFactory.java:292)
	at org.springframework.beans.factory.support.AbstractBeanFactory.getBean(AbstractBeanFactory.java:194)
	at org.springframework.beans.factory.support.BeanDefinitionValueResolver.resolveReference(BeanDefinitionValueResolver.java:323)
	at org.springframework.beans.factory.support.BeanDefinitionValueResolver.resolveValueIfNecessary(BeanDefinitionValueResolver.java:107)
	at org.springframework.beans.factory.support.AbstractAutowireCapableBeanFactory.applyPropertyValues(AbstractAutowireCapableBeanFactory.java:1387)
	at org.springframework.beans.factory.support.AbstractAutowireCapableBeanFactory.populateBean(AbstractAutowireCapableBeanFactory.java:1128)
	at org.springframework.beans.factory.support.AbstractAutowireCapableBeanFactory.doCreateBean(AbstractAutowireCapableBeanFactory.java:519)
	at org.codehaus.groovy.grails.commons.spring.ReloadAwareAutowireCapableBeanFactory.doCreateBean(ReloadAwareAutowireCapableBeanFactory.java:127)
	at org.springframework.beans.factory.support.AbstractAutowireCapableBeanFactory.createBean(AbstractAutowireCapableBeanFactory.java:458)
	at org.springframework.beans.factory.support.AbstractBeanFactory$1.getObject(AbstractBeanFactory.java:295)
	at org.springframework.beans.factory.support.DefaultSingletonBeanRegistry.getSingleton(DefaultSingletonBeanRegistry.java:223)
	at org.springframework.beans.factory.support.AbstractBeanFactory.doGetBean(AbstractBeanFactory.java:292)
	at org.springframework.beans.factory.support.AbstractBeanFactory.getBean(AbstractBeanFactory.java:198)
	at org.codehaus.groovy.grails.orm.support.TransactionManagerPostProcessor.initialize(TransactionManagerPostProcessor.java:74)
	at org.codehaus.groovy.grails.orm.support.TransactionManagerPostProcessor.setBeanFactory(TransactionManagerPostProcessor.java:52)
	at org.springframework.beans.factory.support.AbstractAutowireCapableBeanFactory.invokeAwareMethods(AbstractAutowireCapableBeanFactory.java:1502)
	at org.springframework.beans.factory.support.AbstractAutowireCapableBeanFactory.initializeBean(AbstractAutowireCapableBeanFactory.java:1470)
	at org.springframework.beans.factory.support.AbstractAutowireCapableBeanFactory.doCreateBean(AbstractAutowireCapableBeanFactory.java:521)
	at org.codehaus.groovy.grails.commons.spring.ReloadAwareAutowireCapableBeanFactory.doCreateBean(ReloadAwareAutowireCapableBeanFactory.java:127)
	at org.springframework.beans.factory.support.AbstractAutowireCapableBeanFactory.createBean(AbstractAutowireCapableBeanFactory.java:458)
	at org.springframework.beans.factory.support.AbstractBeanFactory$1.getObject(AbstractBeanFactory.java:295)
	at org.springframework.beans.factory.support.DefaultSingletonBeanRegistry.getSingleton(DefaultSingletonBeanRegistry.java:223)
	at org.springframework.beans.factory.support.AbstractBeanFactory.doGetBean(AbstractBeanFactory.java:292)
	at org.springframework.beans.factory.support.AbstractBeanFactory.getBean(AbstractBeanFactory.java:198)
	at org.springframework.context.support.AbstractApplicationContext.registerBeanPostProcessors(AbstractApplicationContext.java:720)
	at org.springframework.context.support.AbstractApplicationContext.refresh(AbstractApplicationContext.java:464)
	at org.codehaus.groovy.grails.commons.spring.DefaultRuntimeSpringConfiguration.getApplicationContext(DefaultRuntimeSpringConfiguration.java:153)
	at org.codehaus.groovy.grails.commons.spring.GrailsRuntimeConfigurator.configure(GrailsRuntimeConfigurator.java:169)
	at org.codehaus.groovy.grails.commons.spring.GrailsRuntimeConfigurator.configure(GrailsRuntimeConfigurator.java:127)
	at org.codehaus.groovy.grails.web.context.GrailsConfigUtils.configureWebApplicationContext(GrailsConfigUtils.java:122)
	at org.codehaus.groovy.grails.web.context.GrailsContextLoader.initWebApplicationContext(GrailsContextLoader.java:108)
	at org.springframework.web.context.ContextLoaderListener.contextInitialized(ContextLoaderListener.java:112)
	at org.apache.catalina.core.StandardContext.listenerStart(StandardContext.java:4939)
	at org.apache.catalina.core.StandardContext.startInternal(StandardContext.java:5434)
	at org.apache.catalina.util.LifecycleBase.start(LifecycleBase.java:150)
	at org.apache.catalina.core.ContainerBase$StartChild.call(ContainerBase.java:1559)
	at org.apache.catalina.core.ContainerBase$StartChild.call(ContainerBase.java:1549)
	at java.util.concurrent.FutureTask.run(FutureTask.java:262)
	at java.util.concurrent.ThreadPoolExecutor.runWorker(ThreadPoolExecutor.java:1145)
	at java.util.concurrent.ThreadPoolExecutor$Worker.run(ThreadPoolExecutor.java:615)
	at java.lang.Thread.run(Thread.java:744)
2013-11-02 22:27:07,965 [localhost-startStop-1] ERROR StackTrace  - Full Stack Trace:
org.springframework.beans.factory.BeanCreationException: Error creating bean with name 'transactionManagerPostProcessor': Initialization of bean failed; nested exception is org.springframework.beans.factory.BeanCreationException: Error creating bean with name 'transactionManager': Cannot resolve reference to bean 'sessionFactory' while setting bean property 'sessionFactory'; nested exception is org.springframework.beans.factory.BeanCreationException: Error creating bean with name 'sessionFactory': Invocation of init method failed; nested exception is org.hibernate.InstantiationException: could not instantiate test objectflaming.adventure.Area
	at java.util.concurrent.FutureTask.run(FutureTask.java:262)
	at java.util.concurrent.ThreadPoolExecutor.runWorker(ThreadPoolExecutor.java:1145)
	at java.util.concurrent.ThreadPoolExecutor$Worker.run(ThreadPoolExecutor.java:615)
	at java.lang.Thread.run(Thread.java:744)
Caused by: org.springframework.beans.factory.BeanCreationException: Error creating bean with name 'transactionManager': Cannot resolve reference to bean 'sessionFactory' while setting bean property 'sessionFactory'; nested exception is org.springframework.beans.factory.BeanCreationException: Error creating bean with name 'sessionFactory': Invocation of init method failed; nested exception is org.hibernate.InstantiationException: could not instantiate test objectflaming.adventure.Area
	... 4 more
Caused by: org.springframework.beans.factory.BeanCreationException: Error creating bean with name 'sessionFactory': Invocation of init method failed; nested exception is org.hibernate.InstantiationException: could not instantiate test objectflaming.adventure.Area
	... 4 more
Caused by: org.hibernate.InstantiationException: could not instantiate test objectflaming.adventure.Area
	... 4 more
Caused by: java.lang.reflect.InvocationTargetException
	... 4 more
Caused by: groovy.lang.MissingPropertyException: No such property: terrainFile for class: flaming.adventure.Area
	at flaming.adventure.Area.<init>(Area.groovy:22)
	... 4 more
2013-11-02 22:27:07,971 [localhost-startStop-1] ERROR StackTrace  - Full Stack Trace:
org.springframework.beans.factory.BeanCreationException: Error creating bean with name 'transactionManagerPostProcessor': Initialization of bean failed; nested exception is org.springframework.beans.factory.BeanCreationException: Error creating bean with name 'transactionManager': Cannot resolve reference to bean 'sessionFactory' while setting bean property 'sessionFactory'; nested exception is org.springframework.beans.factory.BeanCreationException: Error creating bean with name 'sessionFactory': Invocation of init method failed; nested exception is org.hibernate.InstantiationException: could not instantiate test objectflaming.adventure.Area
	at java.util.concurrent.FutureTask.run(FutureTask.java:262)
	at java.util.concurrent.ThreadPoolExecutor.runWorker(ThreadPoolExecutor.java:1145)
	at java.util.concurrent.ThreadPoolExecutor$Worker.run(ThreadPoolExecutor.java:615)
	at java.lang.Thread.run(Thread.java:744)
Caused by: org.springframework.beans.factory.BeanCreationException: Error creating bean with name 'transactionManager': Cannot resolve reference to bean 'sessionFactory' while setting bean property 'sessionFactory'; nested exception is org.springframework.beans.factory.BeanCreationException: Error creating bean with name 'sessionFactory': Invocation of init method failed; nested exception is org.hibernate.InstantiationException: could not instantiate test objectflaming.adventure.Area
	... 4 more
Caused by: org.springframework.beans.factory.BeanCreationException: Error creating bean with name 'sessionFactory': Invocation of init method failed; nested exception is org.hibernate.InstantiationException: could not instantiate test objectflaming.adventure.Area
	... 4 more
Caused by: org.hibernate.InstantiationException: could not instantiate test objectflaming.adventure.Area
	... 4 more
Caused by: java.lang.reflect.InvocationTargetException
	... 4 more
Caused by: groovy.lang.MissingPropertyException: No such property: terrainFile for class: flaming.adventure.Area
	at flaming.adventure.Area.<init>(Area.groovy:22)
	... 4 more
2013-11-02 22:27:07,977 [localhost-startStop-1] ERROR StackTrace  - Full Stack Trace:
org.springframework.beans.factory.BeanCreationException: Error creating bean with name 'transactionManager': Cannot resolve reference to bean 'sessionFactory' while setting bean property 'sessionFactory'; nested exception is org.springframework.beans.factory.BeanCreationException: Error creating bean with name 'sessionFactory': Invocation of init method failed; nested exception is org.hibernate.InstantiationException: could not instantiate test objectflaming.adventure.Area
	at java.util.concurrent.FutureTask.run(FutureTask.java:262)
	at java.util.concurrent.ThreadPoolExecutor.runWorker(ThreadPoolExecutor.java:1145)
	at java.util.concurrent.ThreadPoolExecutor$Worker.run(ThreadPoolExecutor.java:615)
	at java.lang.Thread.run(Thread.java:744)
Caused by: org.springframework.beans.factory.BeanCreationException: Error creating bean with name 'sessionFactory': Invocation of init method failed; nested exception is org.hibernate.InstantiationException: could not instantiate test objectflaming.adventure.Area
	... 4 more
Caused by: org.hibernate.InstantiationException: could not instantiate test objectflaming.adventure.Area
	... 4 more
Caused by: java.lang.reflect.InvocationTargetException
	... 4 more
Caused by: groovy.lang.MissingPropertyException: No such property: terrainFile for class: flaming.adventure.Area
	at flaming.adventure.Area.<init>(Area.groovy:22)
	... 4 more
2013-11-02 22:27:07,983 [localhost-startStop-1] ERROR StackTrace  - Full Stack Trace:
org.springframework.beans.factory.BeanCreationException: Error creating bean with name 'sessionFactory': Invocation of init method failed; nested exception is org.hibernate.InstantiationException: could not instantiate test objectflaming.adventure.Area
	at java.util.concurrent.FutureTask.run(FutureTask.java:262)
	at java.util.concurrent.ThreadPoolExecutor.runWorker(ThreadPoolExecutor.java:1145)
	at java.util.concurrent.ThreadPoolExecutor$Worker.run(ThreadPoolExecutor.java:615)
	at java.lang.Thread.run(Thread.java:744)
Caused by: org.hibernate.InstantiationException: could not instantiate test objectflaming.adventure.Area
	... 4 more
Caused by: java.lang.reflect.InvocationTargetException
	... 4 more
Caused by: groovy.lang.MissingPropertyException: No such property: terrainFile for class: flaming.adventure.Area
	at flaming.adventure.Area.<init>(Area.groovy:22)
	... 4 more
2013-11-02 22:27:07,988 [localhost-startStop-1] ERROR StackTrace  - Full Stack Trace:
org.hibernate.InstantiationException: could not instantiate test objectflaming.adventure.Area
	at java.util.concurrent.FutureTask.run(FutureTask.java:262)
	at java.util.concurrent.ThreadPoolExecutor.runWorker(ThreadPoolExecutor.java:1145)
	at java.util.concurrent.ThreadPoolExecutor$Worker.run(ThreadPoolExecutor.java:615)
	at java.lang.Thread.run(Thread.java:744)
Caused by: java.lang.reflect.InvocationTargetException
	... 4 more
Caused by: groovy.lang.MissingPropertyException: No such property: terrainFile for class: flaming.adventure.Area
	at flaming.adventure.Area.<init>(Area.groovy:22)
	... 4 more
2013-11-02 22:27:07,993 [localhost-startStop-1] ERROR StackTrace  - Full Stack Trace:
java.lang.reflect.InvocationTargetException
	at java.util.concurrent.FutureTask.run(FutureTask.java:262)
	at java.util.concurrent.ThreadPoolExecutor.runWorker(ThreadPoolExecutor.java:1145)
	at java.util.concurrent.ThreadPoolExecutor$Worker.run(ThreadPoolExecutor.java:615)
	at java.lang.Thread.run(Thread.java:744)
Caused by: groovy.lang.MissingPropertyException: No such property: terrainFile for class: flaming.adventure.Area
	at flaming.adventure.Area.<init>(Area.groovy:22)
	... 4 more
2013-11-02 22:27:07,998 [localhost-startStop-1] ERROR StackTrace  - Full Stack Trace:
groovy.lang.MissingPropertyException: No such property: terrainFile for class: flaming.adventure.Area
	at flaming.adventure.Area.<init>(Area.groovy:22)
	at java.util.concurrent.FutureTask.run(FutureTask.java:262)
	at java.util.concurrent.ThreadPoolExecutor.runWorker(ThreadPoolExecutor.java:1145)
	at java.util.concurrent.ThreadPoolExecutor$Worker.run(ThreadPoolExecutor.java:615)
	at java.lang.Thread.run(Thread.java:744)
2013-11-02 22:27:08,003 [localhost-startStop-1] ERROR StackTrace  - Full Stack Trace:
org.springframework.beans.factory.BeanCreationException: Error creating bean with name 'transactionManagerPostProcessor': Initialization of bean failed; nested exception is org.springframework.beans.factory.BeanCreationException: Error creating bean with name 'transactionManager': Cannot resolve reference to bean 'sessionFactory' while setting bean property 'sessionFactory'; nested exception is org.springframework.beans.factory.BeanCreationException: Error creating bean with name 'sessionFactory': Invocation of init method failed; nested exception is org.hibernate.InstantiationException: could not instantiate test objectflaming.adventure.Area
	at java.util.concurrent.FutureTask.run(FutureTask.java:262)
	at java.util.concurrent.ThreadPoolExecutor.runWorker(ThreadPoolExecutor.java:1145)
	at java.util.concurrent.ThreadPoolExecutor$Worker.run(ThreadPoolExecutor.java:615)
	at java.lang.Thread.run(Thread.java:744)
Caused by: org.springframework.beans.factory.BeanCreationException: Error creating bean with name 'transactionManager': Cannot resolve reference to bean 'sessionFactory' while setting bean property 'sessionFactory'; nested exception is org.springframework.beans.factory.BeanCreationException: Error creating bean with name 'sessionFactory': Invocation of init method failed; nested exception is org.hibernate.InstantiationException: could not instantiate test objectflaming.adventure.Area
	... 4 more
Caused by: org.springframework.beans.factory.BeanCreationException: Error creating bean with name 'sessionFactory': Invocation of init method failed; nested exception is org.hibernate.InstantiationException: could not instantiate test objectflaming.adventure.Area
	... 4 more
Caused by: org.hibernate.InstantiationException: could not instantiate test objectflaming.adventure.Area
	... 4 more
Caused by: java.lang.reflect.InvocationTargetException
	... 4 more
Caused by: groovy.lang.MissingPropertyException: No such property: terrainFile for class: flaming.adventure.Area
	at flaming.adventure.Area.<init>(Area.groovy:22)
	... 4 more
2013-11-02 22:27:08,008 [localhost-startStop-1] ERROR StackTrace  - Full Stack Trace:
org.springframework.beans.factory.BeanCreationException: Error creating bean with name 'transactionManagerPostProcessor': Initialization of bean failed; nested exception is org.springframework.beans.factory.BeanCreationException: Error creating bean with name 'transactionManager': Cannot resolve reference to bean 'sessionFactory' while setting bean property 'sessionFactory'; nested exception is org.springframework.beans.factory.BeanCreationException: Error creating bean with name 'sessionFactory': Invocation of init method failed; nested exception is org.hibernate.InstantiationException: could not instantiate test objectflaming.adventure.Area
	at java.util.concurrent.FutureTask.run(FutureTask.java:262)
	at java.util.concurrent.ThreadPoolExecutor.runWorker(ThreadPoolExecutor.java:1145)
	at java.util.concurrent.ThreadPoolExecutor$Worker.run(ThreadPoolExecutor.java:615)
	at java.lang.Thread.run(Thread.java:744)
Caused by: org.springframework.beans.factory.BeanCreationException: Error creating bean with name 'transactionManager': Cannot resolve reference to bean 'sessionFactory' while setting bean property 'sessionFactory'; nested exception is org.springframework.beans.factory.BeanCreationException: Error creating bean with name 'sessionFactory': Invocation of init method failed; nested exception is org.hibernate.InstantiationException: could not instantiate test objectflaming.adventure.Area
	... 4 more
Caused by: org.springframework.beans.factory.BeanCreationException: Error creating bean with name 'sessionFactory': Invocation of init method failed; nested exception is org.hibernate.InstantiationException: could not instantiate test objectflaming.adventure.Area
	... 4 more
Caused by: org.hibernate.InstantiationException: could not instantiate test objectflaming.adventure.Area
	... 4 more
Caused by: java.lang.reflect.InvocationTargetException
	... 4 more
Caused by: groovy.lang.MissingPropertyException: No such property: terrainFile for class: flaming.adventure.Area
	at flaming.adventure.Area.<init>(Area.groovy:22)
	... 4 more
2013-11-02 22:27:08,013 [localhost-startStop-1] ERROR StackTrace  - Full Stack Trace:
org.springframework.beans.factory.BeanCreationException: Error creating bean with name 'transactionManager': Cannot resolve reference to bean 'sessionFactory' while setting bean property 'sessionFactory'; nested exception is org.springframework.beans.factory.BeanCreationException: Error creating bean with name 'sessionFactory': Invocation of init method failed; nested exception is org.hibernate.InstantiationException: could not instantiate test objectflaming.adventure.Area
	at java.util.concurrent.FutureTask.run(FutureTask.java:262)
	at java.util.concurrent.ThreadPoolExecutor.runWorker(ThreadPoolExecutor.java:1145)
	at java.util.concurrent.ThreadPoolExecutor$Worker.run(ThreadPoolExecutor.java:615)
	at java.lang.Thread.run(Thread.java:744)
Caused by: org.springframework.beans.factory.BeanCreationException: Error creating bean with name 'sessionFactory': Invocation of init method failed; nested exception is org.hibernate.InstantiationException: could not instantiate test objectflaming.adventure.Area
	... 4 more
Caused by: org.hibernate.InstantiationException: could not instantiate test objectflaming.adventure.Area
	... 4 more
Caused by: java.lang.reflect.InvocationTargetException
	... 4 more
Caused by: groovy.lang.MissingPropertyException: No such property: terrainFile for class: flaming.adventure.Area
	at flaming.adventure.Area.<init>(Area.groovy:22)
	... 4 more
2013-11-02 22:27:08,018 [localhost-startStop-1] ERROR StackTrace  - Full Stack Trace:
org.springframework.beans.factory.BeanCreationException: Error creating bean with name 'sessionFactory': Invocation of init method failed; nested exception is org.hibernate.InstantiationException: could not instantiate test objectflaming.adventure.Area
	at java.util.concurrent.FutureTask.run(FutureTask.java:262)
	at java.util.concurrent.ThreadPoolExecutor.runWorker(ThreadPoolExecutor.java:1145)
	at java.util.concurrent.ThreadPoolExecutor$Worker.run(ThreadPoolExecutor.java:615)
	at java.lang.Thread.run(Thread.java:744)
Caused by: org.hibernate.InstantiationException: could not instantiate test objectflaming.adventure.Area
	... 4 more
Caused by: java.lang.reflect.InvocationTargetException
	... 4 more
Caused by: groovy.lang.MissingPropertyException: No such property: terrainFile for class: flaming.adventure.Area
	at flaming.adventure.Area.<init>(Area.groovy:22)
	... 4 more
2013-11-02 22:27:08,023 [localhost-startStop-1] ERROR StackTrace  - Full Stack Trace:
org.hibernate.InstantiationException: could not instantiate test objectflaming.adventure.Area
	at java.util.concurrent.FutureTask.run(FutureTask.java:262)
	at java.util.concurrent.ThreadPoolExecutor.runWorker(ThreadPoolExecutor.java:1145)
	at java.util.concurrent.ThreadPoolExecutor$Worker.run(ThreadPoolExecutor.java:615)
	at java.lang.Thread.run(Thread.java:744)
Caused by: java.lang.reflect.InvocationTargetException
	... 4 more
Caused by: groovy.lang.MissingPropertyException: No such property: terrainFile for class: flaming.adventure.Area
	at flaming.adventure.Area.<init>(Area.groovy:22)
	... 4 more
2013-11-02 22:27:08,028 [localhost-startStop-1] ERROR StackTrace  - Full Stack Trace:
java.lang.reflect.InvocationTargetException
	at java.util.concurrent.FutureTask.run(FutureTask.java:262)
	at java.util.concurrent.ThreadPoolExecutor.runWorker(ThreadPoolExecutor.java:1145)
	at java.util.concurrent.ThreadPoolExecutor$Worker.run(ThreadPoolExecutor.java:615)
	at java.lang.Thread.run(Thread.java:744)
Caused by: groovy.lang.MissingPropertyException: No such property: terrainFile for class: flaming.adventure.Area
	at flaming.adventure.Area.<init>(Area.groovy:22)
	... 4 more
2013-11-02 22:27:08,033 [localhost-startStop-1] ERROR StackTrace  - Full Stack Trace:
groovy.lang.MissingPropertyException: No such property: terrainFile for class: flaming.adventure.Area
	at flaming.adventure.Area.<init>(Area.groovy:22)
	at java.util.concurrent.FutureTask.run(FutureTask.java:262)
	at java.util.concurrent.ThreadPoolExecutor.runWorker(ThreadPoolExecutor.java:1145)
	at java.util.concurrent.ThreadPoolExecutor$Worker.run(ThreadPoolExecutor.java:615)
	at java.lang.Thread.run(Thread.java:744)
2013-11-02 22:27:08,038 [localhost-startStop-1] ERROR StackTrace  - Full Stack Trace:
org.springframework.beans.factory.BeanCreationException: Error creating bean with name 'transactionManagerPostProcessor': Initialization of bean failed; nested exception is org.springframework.beans.factory.BeanCreationException: Error creating bean with name 'transactionManager': Cannot resolve reference to bean 'sessionFactory' while setting bean property 'sessionFactory'; nested exception is org.springframework.beans.factory.BeanCreationException: Error creating bean with name 'sessionFactory': Invocation of init method failed; nested exception is org.hibernate.InstantiationException: could not instantiate test objectflaming.adventure.Area
	at java.util.concurrent.FutureTask.run(FutureTask.java:262)
	at java.util.concurrent.ThreadPoolExecutor.runWorker(ThreadPoolExecutor.java:1145)
	at java.util.concurrent.ThreadPoolExecutor$Worker.run(ThreadPoolExecutor.java:615)
	at java.lang.Thread.run(Thread.java:744)
Caused by: org.springframework.beans.factory.BeanCreationException: Error creating bean with name 'transactionManager': Cannot resolve reference to bean 'sessionFactory' while setting bean property 'sessionFactory'; nested exception is org.springframework.beans.factory.BeanCreationException: Error creating bean with name 'sessionFactory': Invocation of init method failed; nested exception is org.hibernate.InstantiationException: could not instantiate test objectflaming.adventure.Area
	... 4 more
Caused by: org.springframework.beans.factory.BeanCreationException: Error creating bean with name 'sessionFactory': Invocation of init method failed; nested exception is org.hibernate.InstantiationException: could not instantiate test objectflaming.adventure.Area
	... 4 more
Caused by: org.hibernate.InstantiationException: could not instantiate test objectflaming.adventure.Area
	... 4 more
Caused by: java.lang.reflect.InvocationTargetException
	... 4 more
Caused by: groovy.lang.MissingPropertyException: No such property: terrainFile for class: flaming.adventure.Area
	at flaming.adventure.Area.<init>(Area.groovy:22)
	... 4 more
